c:\users\danielb\documents\github\proyectopoo\gerentedeahorros\gerentedeahorros\debug\gerentedeahorros.pch
c:\users\danielb\documents\github\proyectopoo\gerentedeahorros\gerentedeahorros\debug\vc141.pdb
c:\users\danielb\documents\github\proyectopoo\gerentedeahorros\gerentedeahorros\debug\stdafx.obj
c:\users\danielb\documents\github\proyectopoo\gerentedeahorros\gerentedeahorros\debug\test3.obj
c:\users\danielb\documents\github\proyectopoo\gerentedeahorros\gerentedeahorros\debug\test2.obj
c:\users\danielb\documents\github\proyectopoo\gerentedeahorros\gerentedeahorros\debug\gerentedeahorros.obj
c:\users\danielb\documents\github\proyectopoo\gerentedeahorros\gerentedeahorros\debug\.netframework,version=v4.0.assemblyattributes.obj
c:\users\danielb\documents\github\proyectopoo\gerentedeahorros\gerentedeahorros\debug\.netframework,version=v4.0.assemblyattributes.asm
c:\users\danielb\documents\github\proyectopoo\gerentedeahorros\debug\gerentedeahorros.exe
c:\users\danielb\documents\github\proyectopoo\gerentedeahorros\debug\gerentedeahorros.pdb
c:\users\danielb\documents\github\proyectopoo\gerentedeahorros\gerentedeahorros\debug\gerentedeahorros.vcxprojresolveassemblyreference.cache
c:\users\danielb\documents\github\proyectopoo\gerentedeahorros\gerentedeahorros\debug\gerentedeahorros.tlog\cl.command.1.tlog
c:\users\danielb\documents\github\proyectopoo\gerentedeahorros\gerentedeahorros\debug\gerentedeahorros.tlog\cl.read.1.tlog
c:\users\danielb\documents\github\proyectopoo\gerentedeahorros\gerentedeahorros\debug\gerentedeahorros.tlog\cl.write.1.tlog
c:\users\danielb\documents\github\proyectopoo\gerentedeahorros\gerentedeahorros\debug\gerentedeahorros.tlog\link.24240.11764-cvtres.read.1.tlog
c:\users\danielb\documents\github\proyectopoo\gerentedeahorros\gerentedeahorros\debug\gerentedeahorros.tlog\link.24240.11764-cvtres.write.1.tlog
c:\users\danielb\documents\github\proyectopoo\gerentedeahorros\gerentedeahorros\debug\gerentedeahorros.tlog\link.24240.11764-rc.read.1.tlog
c:\users\danielb\documents\github\proyectopoo\gerentedeahorros\gerentedeahorros\debug\gerentedeahorros.tlog\link.24240.11764-rc.write.1.tlog
c:\users\danielb\documents\github\proyectopoo\gerentedeahorros\gerentedeahorros\debug\gerentedeahorros.tlog\link.24240.11764.read.1.tlog
c:\users\danielb\documents\github\proyectopoo\gerentedeahorros\gerentedeahorros\debug\gerentedeahorros.tlog\link.24240.11764.write.1.tlog
c:\users\danielb\documents\github\proyectopoo\gerentedeahorros\gerentedeahorros\debug\gerentedeahorros.tlog\link.24240.read.1.tlog
c:\users\danielb\documents\github\proyectopoo\gerentedeahorros\gerentedeahorros\debug\gerentedeahorros.tlog\link.24240.write.1.tlog
c:\users\danielb\documents\github\proyectopoo\gerentedeahorros\gerentedeahorros\debug\gerentedeahorros.tlog\link.command.1.tlog
c:\users\danielb\documents\github\proyectopoo\gerentedeahorros\gerentedeahorros\debug\gerentedeahorros.tlog\link.read.1.tlog
c:\users\danielb\documents\github\proyectopoo\gerentedeahorros\gerentedeahorros\debug\gerentedeahorros.tlog\link.write.1.tlog
c:\users\danielb\documents\github\proyectopoo\gerentedeahorros\gerentedeahorros\debug\gerentedeahorros.tlog\metagen.read.1.tlog
c:\users\danielb\documents\github\proyectopoo\gerentedeahorros\gerentedeahorros\debug\gerentedeahorros.tlog\metagen.write.1.tlog
c:\users\danielb\documents\github\proyectopoo\gerentedeahorros\gerentedeahorros\debug\gerentedeahorros.tlog\tzres.dll.bi
